<?xml version="1.0" encoding="UTF-8"?>
<testng-results skipped="0" failed="0" ignored="0" total="1" passed="1">
  <reporter-output>
  </reporter-output>
  <suite name="Default suite" duration-ms="76639" started-at="2017-12-05T18:35:28Z" finished-at="2017-12-05T18:36:44Z">
    <groups>
    </groups>
    <test name="Default test" duration-ms="76639" started-at="2017-12-05T18:35:28Z" finished-at="2017-12-05T18:36:44Z">
      <class name="ExtendRepo.ExtentRepoDemo">
        <test-method status="PASS" signature="veriftTittle()[pri:0, instance:ExtendRepo.ExtentRepoDemo@5ca609]" name="veriftTittle" duration-ms="76529" started-at="2017-12-06T00:05:28Z" finished-at="2017-12-06T00:06:44Z">
          <reporter-output>
          </reporter-output>
        </test-method> <!-- veriftTittle -->
      </class> <!-- ExtendRepo.ExtentRepoDemo -->
    </test> <!-- Default test -->
  </suite> <!-- Default suite -->
</testng-results>
